<?xml version="1.0" encoding="UTF-8"?>
<coverage generated="1697689081819" clover="3.2.0">
  <project timestamp="1697689081820" name="All files">
    <metrics statements="19" coveredstatements="7" conditionals="8" coveredconditionals="0" methods="5" coveredmethods="1" elements="32" coveredelements="8" complexity="0" loc="19" ncloc="19" packages="2" files="2" classes="2"/>
    <package name="graphql">
      <metrics statements="6" coveredstatements="6" conditionals="0" coveredconditionals="0" methods="0" coveredmethods="0"/>
      <file name="items.js" path="E:\Project\pos-web-app\src\graphql\items.js">
        <metrics statements="6" coveredstatements="6" conditionals="0" coveredconditionals="0" methods="0" coveredmethods="0"/>
        <line num="3" count="1" type="stmt"/>
        <line num="16" count="1" type="stmt"/>
        <line num="26" count="1" type="stmt"/>
        <line num="36" count="1" type="stmt"/>
        <line num="48" count="1" type="stmt"/>
        <line num="58" count="1" type="stmt"/>
      </file>
    </package>
    <package name="pages.Items.Categories">
      <metrics statements="13" coveredstatements="1" conditionals="8" coveredconditionals="0" methods="5" coveredmethods="1"/>
      <file name="EditCategory.jsx" path="E:\Project\pos-web-app\src\pages\Items\Categories\EditCategory.jsx">
        <metrics statements="13" coveredstatements="1" conditionals="8" coveredconditionals="0" methods="5" coveredmethods="1"/>
        <line num="12" count="5" type="stmt"/>
        <line num="13" count="0" type="stmt"/>
        <line num="14" count="0" type="stmt"/>
        <line num="16" count="0" type="stmt"/>
        <line num="18" count="0" type="cond" truecount="0" falsecount="2"/>
        <line num="19" count="0" type="stmt"/>
        <line num="20" count="0" type="stmt"/>
        <line num="23" count="0" type="stmt"/>
        <line num="30" count="0" type="stmt"/>
        <line num="46" count="0" type="stmt"/>
        <line num="55" count="0" type="stmt"/>
        <line num="56" count="0" type="stmt"/>
        <line num="62" count="0" type="stmt"/>
      </file>
    </package>
  </project>
</coverage>
