{"E:\\Project\\pos-web-app\\src\\graphql\\items.js": {"path":"E:\\Project\\pos-web-app\\src\\graphql\\items.js","statementMap":{"0":{"start":{"line":3,"column":34},"end":{"line":14,"column":1}},"1":{"start":{"line":16,"column":31},"end":{"line":24,"column":1}},"2":{"start":{"line":26,"column":31},"end":{"line":34,"column":1}},"3":{"start":{"line":36,"column":30},"end":{"line":46,"column":1}},"4":{"start":{"line":48,"column":28},"end":{"line":56,"column":1}},"5":{"start":{"line":58,"column":28},"end":{"line":66,"column":1}}},"fnMap":{},"branchMap":{},"s":{"0":1,"1":1,"2":1,"3":1,"4":1,"5":1},"f":{},"b":{},"_coverageSchema":"1a1c01bbd47fc00a2c39e90264f33305004495a9","hash":"dfef7cc0b3855fc7a519c58d67a74ccd18e791d3"}
,"E:\\Project\\pos-web-app\\src\\pages\\Items\\Categories\\EditCategory.jsx": {"path":"E:\\Project\\pos-web-app\\src\\pages\\Items\\Categories\\EditCategory.jsx","statementMap":{"0":{"start":{"line":12,"column":19},"end":{"line":12,"column":32}},"1":{"start":{"line":13,"column":19},"end":{"line":13,"column":32}},"2":{"start":{"line":14,"column":19},"end":{"line":14,"column":42}},"3":{"start":{"line":16,"column":47},"end":{"line":16,"column":75}},"4":{"start":{"line":18,"column":2},"end":{"line":21,"column":3}},"5":{"start":{"line":19,"column":4},"end":{"line":19,"column":23}},"6":{"start":{"line":20,"column":4},"end":{"line":20,"column":43}},"7":{"start":{"line":23,"column":2},"end":{"line":114,"column":4}},"8":{"start":{"line":30,"column":59},"end":{"line":30,"column":71}},"9":{"start":{"line":46,"column":18},"end":{"line":58,"column":21}},"10":{"start":{"line":55,"column":20},"end":{"line":55,"column":62}},"11":{"start":{"line":56,"column":20},"end":{"line":56,"column":67}},"12":{"start":{"line":62,"column":18},"end":{"line":106,"column":25}}},"fnMap":{"0":{"name":"EditCategory","decl":{"start":{"line":11,"column":24},"end":{"line":11,"column":36}},"loc":{"start":{"line":11,"column":39},"end":{"line":115,"column":1}},"line":11},"1":{"name":"(anonymous_1)","decl":{"start":{"line":30,"column":53},"end":{"line":30,"column":54}},"loc":{"start":{"line":30,"column":59},"end":{"line":30,"column":71}},"line":30},"2":{"name":"(anonymous_2)","decl":{"start":{"line":45,"column":26},"end":{"line":45,"column":27}},"loc":{"start":{"line":45,"column":38},"end":{"line":59,"column":17}},"line":45},"3":{"name":"(anonymous_3)","decl":{"start":{"line":54,"column":26},"end":{"line":54,"column":27}},"loc":{"start":{"line":54,"column":40},"end":{"line":58,"column":19}},"line":54},"4":{"name":"(anonymous_4)","decl":{"start":{"line":61,"column":17},"end":{"line":61,"column":18}},"loc":{"start":{"line":62,"column":18},"end":{"line":106,"column":25}},"line":62}},"branchMap":{"0":{"loc":{"start":{"line":18,"column":2},"end":{"line":21,"column":3}},"type":"if","locations":[{"start":{"line":18,"column":2},"end":{"line":21,"column":3}},{"start":{},"end":{}}],"line":18},"1":{"loc":{"start":{"line":74,"column":41},"end":{"line":74,"column":68}},"type":"binary-expr","locations":[{"start":{"line":74,"column":41},"end":{"line":74,"column":53}},{"start":{"line":74,"column":57},"end":{"line":74,"column":68}}],"line":74},"2":{"loc":{"start":{"line":90,"column":41},"end":{"line":90,"column":82}},"type":"binary-expr","locations":[{"start":{"line":90,"column":41},"end":{"line":90,"column":60}},{"start":{"line":90,"column":64},"end":{"line":90,"column":82}}],"line":90},"3":{"loc":{"start":{"line":97,"column":21},"end":{"line":105,"column":21}},"type":"cond-expr","locations":[{"start":{"line":98,"column":22},"end":{"line":100,"column":31}},{"start":{"line":102,"column":22},"end":{"line":104,"column":31}}],"line":97}},"s":{"0":5,"1":0,"2":0,"3":0,"4":0,"5":0,"6":0,"7":0,"8":0,"9":0,"10":0,"11":0,"12":0},"f":{"0":5,"1":0,"2":0,"3":0,"4":0},"b":{"0":[0,0],"1":[0,0],"2":[0,0],"3":[0,0]},"_coverageSchema":"1a1c01bbd47fc00a2c39e90264f33305004495a9","hash":"2d7b9344c7f489ad72414b81536acfbd9f734112"}
}
