TN:
SF:src\graphql\items.js
FNF:0
FNH:0
DA:3,1
DA:16,1
DA:26,1
DA:36,1
DA:48,1
DA:58,1
LF:6
LH:6
BRF:0
BRH:0
end_of_record
TN:
SF:src\pages\Items\Categories\EditCategory.jsx
FN:11,EditCategory
FN:30,(anonymous_1)
FN:45,(anonymous_2)
FN:54,(anonymous_3)
FN:61,(anonymous_4)
FNF:5
FNH:1
FNDA:5,EditCategory
FNDA:0,(anonymous_1)
FNDA:0,(anonymous_2)
FNDA:0,(anonymous_3)
FNDA:0,(anonymous_4)
DA:12,5
DA:13,0
DA:14,0
DA:16,0
DA:18,0
DA:19,0
DA:20,0
DA:23,0
DA:30,0
DA:46,0
DA:55,0
DA:56,0
DA:62,0
LF:13
LH:1
BRDA:18,0,0,0
BRDA:18,0,1,0
BRDA:74,1,0,0
BRDA:74,1,1,0
BRDA:90,2,0,0
BRDA:90,2,1,0
BRDA:97,3,0,0
BRDA:97,3,1,0
BRF:8
BRH:0
end_of_record
